{"C:\\www.spa.com\\resources\\js\\src\\features\\map\\adapters\\MapControlsAdapter.ts": {"path":"C:\\www.spa.com\\resources\\js\\src\\features\\map\\adapters\\MapControlsAdapter.ts","all":false,"statementMap":{"0":{"start":{"line":1,"column":0},"end":{"line":1,"column":3}},"30":{"start":{"line":31,"column":0},"end":{"line":31,"column":33}},"32":{"start":{"line":33,"column":0},"end":{"line":33,"column":48}},"33":{"start":{"line":34,"column":0},"end":{"line":34,"column":45}},"35":{"start":{"line":36,"column":0},"end":{"line":36,"column":39}},"36":{"start":{"line":37,"column":0},"end":{"line":37,"column":32}},"37":{"start":{"line":38,"column":0},"end":{"line":38,"column":3}},"42":{"start":{"line":43,"column":0},"end":{"line":43,"column":49}},"43":{"start":{"line":44,"column":0},"end":{"line":44,"column":32}},"46":{"start":{"line":47,"column":0},"end":{"line":47,"column":39}},"47":{"start":{"line":48,"column":0},"end":{"line":48,"column":45}},"48":{"start":{"line":49,"column":0},"end":{"line":49,"column":5}},"50":{"start":{"line":51,"column":0},"end":{"line":51,"column":40}},"51":{"start":{"line":52,"column":0},"end":{"line":52,"column":47}},"52":{"start":{"line":53,"column":0},"end":{"line":53,"column":5}},"54":{"start":{"line":55,"column":0},"end":{"line":55,"column":35}},"55":{"start":{"line":56,"column":0},"end":{"line":56,"column":57}},"56":{"start":{"line":57,"column":0},"end":{"line":57,"column":5}},"58":{"start":{"line":59,"column":0},"end":{"line":59,"column":36}},"59":{"start":{"line":60,"column":0},"end":{"line":60,"column":59}},"60":{"start":{"line":61,"column":0},"end":{"line":61,"column":5}},"62":{"start":{"line":63,"column":0},"end":{"line":63,"column":31}},"63":{"start":{"line":64,"column":0},"end":{"line":64,"column":49}},"64":{"start":{"line":65,"column":0},"end":{"line":65,"column":5}},"66":{"start":{"line":67,"column":0},"end":{"line":67,"column":65}},"67":{"start":{"line":68,"column":0},"end":{"line":68,"column":3}},"72":{"start":{"line":73,"column":0},"end":{"line":73,"column":72}},"73":{"start":{"line":74,"column":0},"end":{"line":74,"column":60}},"74":{"start":{"line":75,"column":0},"end":{"line":75,"column":65}},"76":{"start":{"line":77,"column":0},"end":{"line":77,"column":39}},"77":{"start":{"line":78,"column":0},"end":{"line":78,"column":45}},"78":{"start":{"line":79,"column":0},"end":{"line":79,"column":3}},"83":{"start":{"line":84,"column":0},"end":{"line":84,"column":73}},"84":{"start":{"line":85,"column":0},"end":{"line":85,"column":60}},"85":{"start":{"line":86,"column":0},"end":{"line":86,"column":66}},"87":{"start":{"line":88,"column":0},"end":{"line":88,"column":39}},"88":{"start":{"line":89,"column":0},"end":{"line":89,"column":46}},"89":{"start":{"line":90,"column":0},"end":{"line":90,"column":3}},"94":{"start":{"line":95,"column":0},"end":{"line":95,"column":78}},"95":{"start":{"line":96,"column":0},"end":{"line":96,"column":60}},"96":{"start":{"line":97,"column":0},"end":{"line":97,"column":71}},"98":{"start":{"line":99,"column":0},"end":{"line":99,"column":39}},"99":{"start":{"line":100,"column":0},"end":{"line":100,"column":51}},"100":{"start":{"line":101,"column":0},"end":{"line":101,"column":3}},"105":{"start":{"line":106,"column":0},"end":{"line":106,"column":79}},"106":{"start":{"line":107,"column":0},"end":{"line":107,"column":60}},"107":{"start":{"line":108,"column":0},"end":{"line":108,"column":72}},"109":{"start":{"line":110,"column":0},"end":{"line":110,"column":39}},"110":{"start":{"line":111,"column":0},"end":{"line":111,"column":52}},"111":{"start":{"line":112,"column":0},"end":{"line":112,"column":3}},"116":{"start":{"line":117,"column":0},"end":{"line":117,"column":74}},"117":{"start":{"line":118,"column":0},"end":{"line":118,"column":59}},"118":{"start":{"line":119,"column":0},"end":{"line":119,"column":16}},"119":{"start":{"line":120,"column":0},"end":{"line":120,"column":23}},"120":{"start":{"line":121,"column":0},"end":{"line":121,"column":24}},"121":{"start":{"line":122,"column":0},"end":{"line":122,"column":25}},"122":{"start":{"line":123,"column":0},"end":{"line":123,"column":7}},"123":{"start":{"line":124,"column":0},"end":{"line":124,"column":5}},"125":{"start":{"line":126,"column":0},"end":{"line":126,"column":67}},"127":{"start":{"line":128,"column":0},"end":{"line":128,"column":39}},"128":{"start":{"line":129,"column":0},"end":{"line":129,"column":47}},"129":{"start":{"line":130,"column":0},"end":{"line":130,"column":3}},"134":{"start":{"line":135,"column":0},"end":{"line":135,"column":37}},"135":{"start":{"line":136,"column":0},"end":{"line":136,"column":43}},"136":{"start":{"line":137,"column":0},"end":{"line":137,"column":18}},"137":{"start":{"line":138,"column":0},"end":{"line":138,"column":44}},"138":{"start":{"line":139,"column":0},"end":{"line":139,"column":32}},"139":{"start":{"line":140,"column":0},"end":{"line":140,"column":64}},"140":{"start":{"line":141,"column":0},"end":{"line":141,"column":5}},"141":{"start":{"line":142,"column":0},"end":{"line":142,"column":3}},"146":{"start":{"line":147,"column":0},"end":{"line":147,"column":33}},"147":{"start":{"line":148,"column":0},"end":{"line":148,"column":34}},"148":{"start":{"line":149,"column":0},"end":{"line":149,"column":3}},"153":{"start":{"line":154,"column":0},"end":{"line":154,"column":55}},"154":{"start":{"line":155,"column":0},"end":{"line":155,"column":43}},"155":{"start":{"line":156,"column":0},"end":{"line":156,"column":18}},"156":{"start":{"line":157,"column":0},"end":{"line":157,"column":20}},"157":{"start":{"line":158,"column":0},"end":{"line":158,"column":44}},"158":{"start":{"line":159,"column":0},"end":{"line":159,"column":14}},"159":{"start":{"line":160,"column":0},"end":{"line":160,"column":45}},"160":{"start":{"line":161,"column":0},"end":{"line":161,"column":7}},"161":{"start":{"line":162,"column":0},"end":{"line":162,"column":5}},"162":{"start":{"line":163,"column":0},"end":{"line":163,"column":3}},"167":{"start":{"line":168,"column":0},"end":{"line":168,"column":19}},"168":{"start":{"line":169,"column":0},"end":{"line":169,"column":46}},"169":{"start":{"line":170,"column":0},"end":{"line":170,"column":44}},"170":{"start":{"line":171,"column":0},"end":{"line":171,"column":6}},"171":{"start":{"line":172,"column":0},"end":{"line":172,"column":25}},"172":{"start":{"line":173,"column":0},"end":{"line":173,"column":60}},"173":{"start":{"line":174,"column":0},"end":{"line":174,"column":3}},"174":{"start":{"line":175,"column":0},"end":{"line":175,"column":1}}},"s":{"0":1,"30":1,"32":1,"33":1,"35":1,"36":8,"37":8,"42":1,"43":7,"46":7,"47":6,"48":6,"50":7,"51":6,"52":6,"54":7,"55":3,"56":3,"58":7,"59":1,"60":1,"62":7,"63":1,"64":1,"66":7,"67":7,"72":1,"73":6,"74":6,"76":6,"77":6,"78":6,"83":1,"84":6,"85":6,"87":6,"88":6,"89":6,"94":1,"95":3,"96":3,"98":3,"99":3,"100":3,"105":1,"106":1,"107":1,"109":1,"110":1,"111":1,"116":1,"117":1,"118":1,"119":1,"120":1,"121":1,"122":1,"123":1,"125":1,"127":1,"128":1,"129":1,"134":1,"135":2,"136":2,"137":1,"138":1,"139":1,"140":1,"141":2,"146":1,"147":6,"148":6,"153":1,"154":2,"155":2,"156":2,"157":1,"158":1,"159":1,"160":1,"161":2,"162":2,"167":1,"168":1,"169":3,"170":1,"171":1,"172":1,"173":1,"174":1},"branchMap":{"0":{"type":"branch","line":36,"loc":{"start":{"line":36,"column":2},"end":{"line":38,"column":3}},"locations":[{"start":{"line":36,"column":2},"end":{"line":38,"column":3}}]},"1":{"type":"branch","line":43,"loc":{"start":{"line":43,"column":2},"end":{"line":68,"column":3}},"locations":[{"start":{"line":43,"column":2},"end":{"line":68,"column":3}}]},"2":{"type":"branch","line":47,"loc":{"start":{"line":47,"column":38},"end":{"line":49,"column":5}},"locations":[{"start":{"line":47,"column":38},"end":{"line":49,"column":5}}]},"3":{"type":"branch","line":51,"loc":{"start":{"line":51,"column":39},"end":{"line":53,"column":5}},"locations":[{"start":{"line":51,"column":39},"end":{"line":53,"column":5}}]},"4":{"type":"branch","line":55,"loc":{"start":{"line":55,"column":34},"end":{"line":57,"column":5}},"locations":[{"start":{"line":55,"column":34},"end":{"line":57,"column":5}}]},"5":{"type":"branch","line":59,"loc":{"start":{"line":59,"column":35},"end":{"line":61,"column":5}},"locations":[{"start":{"line":59,"column":35},"end":{"line":61,"column":5}}]},"6":{"type":"branch","line":63,"loc":{"start":{"line":63,"column":30},"end":{"line":65,"column":5}},"locations":[{"start":{"line":63,"column":30},"end":{"line":65,"column":5}}]},"7":{"type":"branch","line":73,"loc":{"start":{"line":73,"column":10},"end":{"line":79,"column":3}},"locations":[{"start":{"line":73,"column":10},"end":{"line":79,"column":3}}]},"8":{"type":"branch","line":74,"loc":{"start":{"line":74,"column":38},"end":{"line":74,"column":58}},"locations":[{"start":{"line":74,"column":38},"end":{"line":74,"column":58}}]},"9":{"type":"branch","line":74,"loc":{"start":{"line":74,"column":49},"end":{"line":74,"column":60}},"locations":[{"start":{"line":74,"column":49},"end":{"line":74,"column":60}}]},"10":{"type":"branch","line":84,"loc":{"start":{"line":84,"column":10},"end":{"line":90,"column":3}},"locations":[{"start":{"line":84,"column":10},"end":{"line":90,"column":3}}]},"11":{"type":"branch","line":85,"loc":{"start":{"line":85,"column":38},"end":{"line":85,"column":58}},"locations":[{"start":{"line":85,"column":38},"end":{"line":85,"column":58}}]},"12":{"type":"branch","line":95,"loc":{"start":{"line":95,"column":10},"end":{"line":101,"column":3}},"locations":[{"start":{"line":95,"column":10},"end":{"line":101,"column":3}}]},"13":{"type":"branch","line":96,"loc":{"start":{"line":96,"column":38},"end":{"line":96,"column":58}},"locations":[{"start":{"line":96,"column":38},"end":{"line":96,"column":58}}]},"14":{"type":"branch","line":106,"loc":{"start":{"line":106,"column":10},"end":{"line":112,"column":3}},"locations":[{"start":{"line":106,"column":10},"end":{"line":112,"column":3}}]},"15":{"type":"branch","line":107,"loc":{"start":{"line":107,"column":38},"end":{"line":107,"column":58}},"locations":[{"start":{"line":107,"column":38},"end":{"line":107,"column":58}}]},"16":{"type":"branch","line":117,"loc":{"start":{"line":117,"column":10},"end":{"line":130,"column":3}},"locations":[{"start":{"line":117,"column":10},"end":{"line":130,"column":3}}]},"17":{"type":"branch","line":118,"loc":{"start":{"line":118,"column":38},"end":{"line":118,"column":58}},"locations":[{"start":{"line":118,"column":38},"end":{"line":118,"column":58}}]},"18":{"type":"branch","line":135,"loc":{"start":{"line":135,"column":2},"end":{"line":142,"column":3}},"locations":[{"start":{"line":135,"column":2},"end":{"line":142,"column":3}}]},"19":{"type":"branch","line":137,"loc":{"start":{"line":137,"column":17},"end":{"line":141,"column":5}},"locations":[{"start":{"line":137,"column":17},"end":{"line":141,"column":5}}]},"20":{"type":"branch","line":147,"loc":{"start":{"line":147,"column":2},"end":{"line":149,"column":3}},"locations":[{"start":{"line":147,"column":2},"end":{"line":149,"column":3}}]},"21":{"type":"branch","line":154,"loc":{"start":{"line":154,"column":2},"end":{"line":163,"column":3}},"locations":[{"start":{"line":154,"column":2},"end":{"line":163,"column":3}}]},"22":{"type":"branch","line":157,"loc":{"start":{"line":157,"column":19},"end":{"line":161,"column":7}},"locations":[{"start":{"line":157,"column":19},"end":{"line":161,"column":7}}]},"23":{"type":"branch","line":168,"loc":{"start":{"line":168,"column":2},"end":{"line":174,"column":3}},"locations":[{"start":{"line":168,"column":2},"end":{"line":174,"column":3}}]},"24":{"type":"branch","line":169,"loc":{"start":{"line":169,"column":26},"end":{"line":171,"column":5}},"locations":[{"start":{"line":169,"column":26},"end":{"line":171,"column":5}}]}},"b":{"0":[8],"1":[7],"2":[6],"3":[6],"4":[3],"5":[1],"6":[1],"7":[6],"8":[1],"9":[5],"10":[6],"11":[0],"12":[3],"13":[0],"14":[1],"15":[0],"16":[1],"17":[0],"18":[2],"19":[1],"20":[6],"21":[2],"22":[1],"23":[1],"24":[3]},"fnMap":{"0":{"name":"MapControlsAdapter","decl":{"start":{"line":36,"column":2},"end":{"line":38,"column":3}},"loc":{"start":{"line":36,"column":2},"end":{"line":38,"column":3}},"line":36},"1":{"name":"initialize","decl":{"start":{"line":43,"column":2},"end":{"line":68,"column":3}},"loc":{"start":{"line":43,"column":2},"end":{"line":68,"column":3}},"line":43},"2":{"name":"addZoomControl","decl":{"start":{"line":73,"column":10},"end":{"line":79,"column":3}},"loc":{"start":{"line":73,"column":10},"end":{"line":79,"column":3}},"line":73},"3":{"name":"addTypeSelector","decl":{"start":{"line":84,"column":10},"end":{"line":90,"column":3}},"loc":{"start":{"line":84,"column":10},"end":{"line":90,"column":3}},"line":84},"4":{"name":"addFullscreenControl","decl":{"start":{"line":95,"column":10},"end":{"line":101,"column":3}},"loc":{"start":{"line":95,"column":10},"end":{"line":101,"column":3}},"line":95},"5":{"name":"addGeolocationControl","decl":{"start":{"line":106,"column":10},"end":{"line":112,"column":3}},"loc":{"start":{"line":106,"column":10},"end":{"line":112,"column":3}},"line":106},"6":{"name":"addSearchControl","decl":{"start":{"line":117,"column":10},"end":{"line":130,"column":3}},"loc":{"start":{"line":117,"column":10},"end":{"line":130,"column":3}},"line":117},"7":{"name":"removeControl","decl":{"start":{"line":135,"column":2},"end":{"line":142,"column":3}},"loc":{"start":{"line":135,"column":2},"end":{"line":142,"column":3}},"line":135},"8":{"name":"getControl","decl":{"start":{"line":147,"column":2},"end":{"line":149,"column":3}},"loc":{"start":{"line":147,"column":2},"end":{"line":149,"column":3}},"line":147},"9":{"name":"toggleControl","decl":{"start":{"line":154,"column":2},"end":{"line":163,"column":3}},"loc":{"start":{"line":154,"column":2},"end":{"line":163,"column":3}},"line":154},"10":{"name":"destroy","decl":{"start":{"line":168,"column":2},"end":{"line":174,"column":3}},"loc":{"start":{"line":168,"column":2},"end":{"line":174,"column":3}},"line":168}},"f":{"0":8,"1":7,"2":6,"3":6,"4":3,"5":1,"6":1,"7":2,"8":6,"9":2,"10":1}}
,"C:\\www.spa.com\\resources\\js\\src\\features\\map\\adapters\\MapMarkersAdapter.ts": {"path":"C:\\www.spa.com\\resources\\js\\src\\features\\map\\adapters\\MapMarkersAdapter.ts","all":false,"statementMap":{"0":{"start":{"line":1,"column":0},"end":{"line":1,"column":3}},"36":{"start":{"line":37,"column":0},"end":{"line":37,"column":32}},"38":{"start":{"line":39,"column":0},"end":{"line":39,"column":56}},"39":{"start":{"line":40,"column":0},"end":{"line":40,"column":31}},"40":{"start":{"line":41,"column":0},"end":{"line":41,"column":32}},"41":{"start":{"line":42,"column":0},"end":{"line":42,"column":30}},"43":{"start":{"line":44,"column":0},"end":{"line":44,"column":39}},"44":{"start":{"line":45,"column":0},"end":{"line":45,"column":32}},"45":{"start":{"line":46,"column":0},"end":{"line":46,"column":3}},"50":{"start":{"line":51,"column":0},"end":{"line":51,"column":79}},"51":{"start":{"line":52,"column":0},"end":{"line":52,"column":45}},"52":{"start":{"line":53,"column":0},"end":{"line":53,"column":15}},"53":{"start":{"line":54,"column":0},"end":{"line":54,"column":67}},"54":{"start":{"line":55,"column":0},"end":{"line":55,"column":12}},"55":{"start":{"line":56,"column":0},"end":{"line":56,"column":5}},"57":{"start":{"line":58,"column":0},"end":{"line":58,"column":36}},"59":{"start":{"line":60,"column":0},"end":{"line":60,"column":23}},"61":{"start":{"line":62,"column":0},"end":{"line":62,"column":51}},"62":{"start":{"line":63,"column":0},"end":{"line":63,"column":53}},"63":{"start":{"line":64,"column":0},"end":{"line":64,"column":34}},"64":{"start":{"line":65,"column":0},"end":{"line":65,"column":39}},"65":{"start":{"line":66,"column":0},"end":{"line":66,"column":44}},"66":{"start":{"line":67,"column":0},"end":{"line":67,"column":46}},"67":{"start":{"line":68,"column":0},"end":{"line":68,"column":27}},"68":{"start":{"line":69,"column":0},"end":{"line":69,"column":8}},"69":{"start":{"line":70,"column":0},"end":{"line":70,"column":40}},"70":{"start":{"line":71,"column":0},"end":{"line":71,"column":12}},"72":{"start":{"line":73,"column":0},"end":{"line":73,"column":62}},"73":{"start":{"line":74,"column":0},"end":{"line":74,"column":41}},"74":{"start":{"line":75,"column":0},"end":{"line":75,"column":5}},"76":{"start":{"line":77,"column":0},"end":{"line":77,"column":72}},"77":{"start":{"line":78,"column":0},"end":{"line":78,"column":3}},"82":{"start":{"line":83,"column":0},"end":{"line":83,"column":63}},"83":{"start":{"line":84,"column":0},"end":{"line":84,"column":38}},"84":{"start":{"line":85,"column":0},"end":{"line":85,"column":75}},"85":{"start":{"line":86,"column":0},"end":{"line":86,"column":12}},"86":{"start":{"line":87,"column":0},"end":{"line":87,"column":5}},"89":{"start":{"line":90,"column":0},"end":{"line":90,"column":49}},"90":{"start":{"line":91,"column":0},"end":{"line":91,"column":55}},"91":{"start":{"line":92,"column":0},"end":{"line":92,"column":7}},"92":{"start":{"line":93,"column":0},"end":{"line":93,"column":40}},"93":{"start":{"line":94,"column":0},"end":{"line":94,"column":40}},"94":{"start":{"line":95,"column":0},"end":{"line":95,"column":64}},"95":{"start":{"line":96,"column":0},"end":{"line":96,"column":8}},"96":{"start":{"line":97,"column":0},"end":{"line":97,"column":7}},"97":{"start":{"line":98,"column":0},"end":{"line":98,"column":56}},"98":{"start":{"line":99,"column":0},"end":{"line":99,"column":67}},"99":{"start":{"line":100,"column":0},"end":{"line":100,"column":47}},"100":{"start":{"line":101,"column":0},"end":{"line":101,"column":18}},"101":{"start":{"line":102,"column":0},"end":{"line":102,"column":7}},"102":{"start":{"line":103,"column":0},"end":{"line":103,"column":5}},"105":{"start":{"line":106,"column":0},"end":{"line":106,"column":46}},"106":{"start":{"line":107,"column":0},"end":{"line":107,"column":35}},"107":{"start":{"line":108,"column":0},"end":{"line":108,"column":33}},"108":{"start":{"line":109,"column":0},"end":{"line":109,"column":36}},"109":{"start":{"line":110,"column":0},"end":{"line":110,"column":5}},"112":{"start":{"line":113,"column":0},"end":{"line":113,"column":42}},"114":{"start":{"line":115,"column":0},"end":{"line":115,"column":67}},"115":{"start":{"line":116,"column":0},"end":{"line":116,"column":3}},"120":{"start":{"line":121,"column":0},"end":{"line":121,"column":43}},"121":{"start":{"line":122,"column":0},"end":{"line":122,"column":42}},"122":{"start":{"line":123,"column":0},"end":{"line":123,"column":21}},"123":{"start":{"line":124,"column":0},"end":{"line":124,"column":63}},"124":{"start":{"line":125,"column":0},"end":{"line":125,"column":12}},"125":{"start":{"line":126,"column":0},"end":{"line":126,"column":5}},"127":{"start":{"line":128,"column":0},"end":{"line":128,"column":46}},"128":{"start":{"line":129,"column":0},"end":{"line":129,"column":38}},"129":{"start":{"line":130,"column":0},"end":{"line":130,"column":33}},"130":{"start":{"line":131,"column":0},"end":{"line":131,"column":39}},"131":{"start":{"line":132,"column":0},"end":{"line":132,"column":5}},"133":{"start":{"line":134,"column":0},"end":{"line":134,"column":27}},"134":{"start":{"line":135,"column":0},"end":{"line":135,"column":58}},"135":{"start":{"line":136,"column":0},"end":{"line":136,"column":3}},"140":{"start":{"line":141,"column":0},"end":{"line":141,"column":94}},"141":{"start":{"line":142,"column":0},"end":{"line":142,"column":42}},"142":{"start":{"line":143,"column":0},"end":{"line":143,"column":21}},"143":{"start":{"line":144,"column":0},"end":{"line":144,"column":63}},"144":{"start":{"line":145,"column":0},"end":{"line":145,"column":12}},"145":{"start":{"line":146,"column":0},"end":{"line":146,"column":5}},"148":{"start":{"line":149,"column":0},"end":{"line":149,"column":27}},"149":{"start":{"line":150,"column":0},"end":{"line":150,"column":85}},"150":{"start":{"line":151,"column":0},"end":{"line":151,"column":5}},"153":{"start":{"line":154,"column":0},"end":{"line":154,"column":21}},"154":{"start":{"line":155,"column":0},"end":{"line":155,"column":57}},"155":{"start":{"line":156,"column":0},"end":{"line":156,"column":57}},"156":{"start":{"line":157,"column":0},"end":{"line":157,"column":5}},"158":{"start":{"line":159,"column":0},"end":{"line":159,"column":27}},"159":{"start":{"line":160,"column":0},"end":{"line":160,"column":66}},"160":{"start":{"line":161,"column":0},"end":{"line":161,"column":5}},"163":{"start":{"line":164,"column":0},"end":{"line":164,"column":18}},"164":{"start":{"line":165,"column":0},"end":{"line":165,"column":57}},"165":{"start":{"line":166,"column":0},"end":{"line":166,"column":41}},"166":{"start":{"line":167,"column":0},"end":{"line":167,"column":8}},"167":{"start":{"line":168,"column":0},"end":{"line":168,"column":5}},"169":{"start":{"line":170,"column":0},"end":{"line":170,"column":60}},"170":{"start":{"line":171,"column":0},"end":{"line":171,"column":3}},"175":{"start":{"line":176,"column":0},"end":{"line":176,"column":39}},"176":{"start":{"line":177,"column":0},"end":{"line":177,"column":31}},"177":{"start":{"line":178,"column":0},"end":{"line":178,"column":3}},"182":{"start":{"line":183,"column":0},"end":{"line":183,"column":24}},"183":{"start":{"line":184,"column":0},"end":{"line":184,"column":46}},"184":{"start":{"line":185,"column":0},"end":{"line":185,"column":32}},"185":{"start":{"line":186,"column":0},"end":{"line":186,"column":33}},"186":{"start":{"line":187,"column":0},"end":{"line":187,"column":33}},"187":{"start":{"line":188,"column":0},"end":{"line":188,"column":5}},"189":{"start":{"line":190,"column":0},"end":{"line":190,"column":24}},"190":{"start":{"line":191,"column":0},"end":{"line":191,"column":58}},"191":{"start":{"line":192,"column":0},"end":{"line":192,"column":3}},"196":{"start":{"line":197,"column":0},"end":{"line":197,"column":61}},"197":{"start":{"line":198,"column":0},"end":{"line":198,"column":42}},"198":{"start":{"line":199,"column":0},"end":{"line":199,"column":20}},"199":{"start":{"line":200,"column":0},"end":{"line":200,"column":47}},"200":{"start":{"line":201,"column":0},"end":{"line":201,"column":5}},"201":{"start":{"line":202,"column":0},"end":{"line":202,"column":3}},"206":{"start":{"line":207,"column":0},"end":{"line":207,"column":86}},"207":{"start":{"line":208,"column":0},"end":{"line":208,"column":42}},"208":{"start":{"line":209,"column":0},"end":{"line":209,"column":20}},"209":{"start":{"line":210,"column":0},"end":{"line":210,"column":42}},"210":{"start":{"line":211,"column":0},"end":{"line":211,"column":5}},"211":{"start":{"line":212,"column":0},"end":{"line":212,"column":3}},"216":{"start":{"line":217,"column":0},"end":{"line":217,"column":46}},"217":{"start":{"line":218,"column":0},"end":{"line":218,"column":23}},"218":{"start":{"line":219,"column":0},"end":{"line":219,"column":3}},"223":{"start":{"line":224,"column":0},"end":{"line":224,"column":19}},"224":{"start":{"line":225,"column":0},"end":{"line":225,"column":23}},"226":{"start":{"line":227,"column":0},"end":{"line":227,"column":45}},"227":{"start":{"line":228,"column":0},"end":{"line":228,"column":14}},"228":{"start":{"line":229,"column":0},"end":{"line":229,"column":27}},"229":{"start":{"line":230,"column":0},"end":{"line":230,"column":45}},"230":{"start":{"line":231,"column":0},"end":{"line":231,"column":29}},"231":{"start":{"line":232,"column":0},"end":{"line":232,"column":7}},"232":{"start":{"line":233,"column":0},"end":{"line":233,"column":28}},"233":{"start":{"line":234,"column":0},"end":{"line":234,"column":46}},"234":{"start":{"line":235,"column":0},"end":{"line":235,"column":30}},"235":{"start":{"line":236,"column":0},"end":{"line":236,"column":7}},"236":{"start":{"line":237,"column":0},"end":{"line":237,"column":5}},"238":{"start":{"line":239,"column":0},"end":{"line":239,"column":65}},"239":{"start":{"line":240,"column":0},"end":{"line":240,"column":3}},"240":{"start":{"line":241,"column":0},"end":{"line":241,"column":1}}},"s":{"0":1,"36":1,"38":1,"39":1,"40":1,"41":1,"43":1,"44":16,"45":16,"50":1,"51":17,"52":17,"53":1,"54":1,"55":1,"57":16,"59":17,"61":3,"62":3,"63":3,"64":3,"65":3,"66":3,"67":3,"68":3,"69":3,"70":17,"72":13,"73":13,"74":13,"76":16,"77":17,"82":1,"83":15,"84":1,"85":1,"86":1,"89":14,"90":14,"91":14,"92":15,"93":15,"94":15,"95":15,"96":15,"97":15,"98":15,"99":15,"100":15,"101":15,"102":15,"105":15,"106":2,"107":15,"108":12,"109":12,"112":14,"114":14,"115":15,"120":1,"121":2,"122":2,"123":1,"124":1,"125":1,"127":2,"128":0,"129":2,"130":1,"131":1,"133":1,"134":1,"135":2,"140":1,"141":3,"142":3,"143":0,"144":0,"145":0,"148":3,"149":1,"150":1,"153":3,"154":1,"155":1,"156":1,"158":3,"159":1,"160":1,"163":3,"164":1,"165":2,"166":1,"167":1,"169":3,"170":3,"175":1,"176":1,"177":1,"182":1,"183":2,"184":1,"185":1,"186":1,"187":1,"189":2,"190":2,"191":2,"196":1,"197":2,"198":2,"199":2,"200":2,"201":2,"206":1,"207":1,"208":1,"209":1,"210":1,"211":1,"216":1,"217":2,"218":2,"223":1,"224":1,"226":1,"227":1,"228":1,"229":1,"230":1,"231":1,"232":1,"233":0,"234":0,"235":0,"236":1,"238":1,"239":1,"240":1},"branchMap":{"0":{"type":"branch","line":44,"loc":{"start":{"line":44,"column":2},"end":{"line":46,"column":3}},"locations":[{"start":{"line":44,"column":2},"end":{"line":46,"column":3}}]},"1":{"type":"branch","line":51,"loc":{"start":{"line":51,"column":2},"end":{"line":78,"column":3}},"locations":[{"start":{"line":51,"column":2},"end":{"line":78,"column":3}}]},"2":{"type":"branch","line":53,"loc":{"start":{"line":53,"column":14},"end":{"line":56,"column":5}},"locations":[{"start":{"line":53,"column":14},"end":{"line":56,"column":5}}]},"3":{"type":"branch","line":56,"loc":{"start":{"line":56,"column":4},"end":{"line":60,"column":22}},"locations":[{"start":{"line":56,"column":4},"end":{"line":60,"column":22}}]},"4":{"type":"branch","line":60,"loc":{"start":{"line":60,"column":22},"end":{"line":71,"column":11}},"locations":[{"start":{"line":60,"column":22},"end":{"line":71,"column":11}}]},"5":{"type":"branch","line":71,"loc":{"start":{"line":71,"column":4},"end":{"line":75,"column":5}},"locations":[{"start":{"line":71,"column":4},"end":{"line":75,"column":5}}]},"6":{"type":"branch","line":75,"loc":{"start":{"line":75,"column":4},"end":{"line":77,"column":72}},"locations":[{"start":{"line":75,"column":4},"end":{"line":77,"column":72}}]},"7":{"type":"branch","line":83,"loc":{"start":{"line":83,"column":2},"end":{"line":116,"column":3}},"locations":[{"start":{"line":83,"column":2},"end":{"line":116,"column":3}}]},"8":{"type":"branch","line":84,"loc":{"start":{"line":84,"column":37},"end":{"line":87,"column":5}},"locations":[{"start":{"line":84,"column":37},"end":{"line":87,"column":5}}]},"9":{"type":"branch","line":87,"loc":{"start":{"line":87,"column":4},"end":{"line":93,"column":37}},"locations":[{"start":{"line":87,"column":4},"end":{"line":93,"column":37}}]},"10":{"type":"branch","line":93,"loc":{"start":{"line":93,"column":28},"end":{"line":93,"column":40}},"locations":[{"start":{"line":93,"column":28},"end":{"line":93,"column":40}}]},"11":{"type":"branch","line":94,"loc":{"start":{"line":94,"column":28},"end":{"line":94,"column":40}},"locations":[{"start":{"line":94,"column":28},"end":{"line":94,"column":40}}]},"12":{"type":"branch","line":95,"loc":{"start":{"line":95,"column":31},"end":{"line":95,"column":62}},"locations":[{"start":{"line":95,"column":31},"end":{"line":95,"column":62}}]},"13":{"type":"branch","line":95,"loc":{"start":{"line":95,"column":53},"end":{"line":95,"column":64}},"locations":[{"start":{"line":95,"column":53},"end":{"line":95,"column":64}}]},"14":{"type":"branch","line":98,"loc":{"start":{"line":98,"column":16},"end":{"line":98,"column":35}},"locations":[{"start":{"line":98,"column":16},"end":{"line":98,"column":35}}]},"15":{"type":"branch","line":98,"loc":{"start":{"line":98,"column":25},"end":{"line":98,"column":56}},"locations":[{"start":{"line":98,"column":25},"end":{"line":98,"column":56}}]},"16":{"type":"branch","line":99,"loc":{"start":{"line":99,"column":19},"end":{"line":99,"column":41}},"locations":[{"start":{"line":99,"column":19},"end":{"line":99,"column":41}}]},"17":{"type":"branch","line":99,"loc":{"start":{"line":99,"column":28},"end":{"line":99,"column":57}},"locations":[{"start":{"line":99,"column":28},"end":{"line":99,"column":57}}]},"18":{"type":"branch","line":99,"loc":{"start":{"line":99,"column":48},"end":{"line":99,"column":67}},"locations":[{"start":{"line":99,"column":48},"end":{"line":99,"column":67}}]},"19":{"type":"branch","line":100,"loc":{"start":{"line":100,"column":19},"end":{"line":100,"column":41}},"locations":[{"start":{"line":100,"column":19},"end":{"line":100,"column":41}}]},"20":{"type":"branch","line":100,"loc":{"start":{"line":100,"column":28},"end":{"line":100,"column":47}},"locations":[{"start":{"line":100,"column":28},"end":{"line":100,"column":47}}]},"21":{"type":"branch","line":106,"loc":{"start":{"line":106,"column":13},"end":{"line":106,"column":45}},"locations":[{"start":{"line":106,"column":13},"end":{"line":106,"column":45}}]},"22":{"type":"branch","line":106,"loc":{"start":{"line":106,"column":45},"end":{"line":108,"column":15}},"locations":[{"start":{"line":106,"column":45},"end":{"line":108,"column":15}}]},"23":{"type":"branch","line":108,"loc":{"start":{"line":108,"column":4},"end":{"line":110,"column":5}},"locations":[{"start":{"line":108,"column":4},"end":{"line":110,"column":5}}]},"24":{"type":"branch","line":110,"loc":{"start":{"line":110,"column":4},"end":{"line":115,"column":67}},"locations":[{"start":{"line":110,"column":4},"end":{"line":115,"column":67}}]},"25":{"type":"branch","line":121,"loc":{"start":{"line":121,"column":2},"end":{"line":136,"column":3}},"locations":[{"start":{"line":121,"column":2},"end":{"line":136,"column":3}}]},"26":{"type":"branch","line":123,"loc":{"start":{"line":123,"column":20},"end":{"line":128,"column":29}},"locations":[{"start":{"line":123,"column":20},"end":{"line":128,"column":29}}]},"27":{"type":"branch","line":128,"loc":{"start":{"line":128,"column":13},"end":{"line":128,"column":45}},"locations":[{"start":{"line":128,"column":13},"end":{"line":128,"column":45}}]},"28":{"type":"branch","line":128,"loc":{"start":{"line":128,"column":45},"end":{"line":130,"column":15}},"locations":[{"start":{"line":128,"column":45},"end":{"line":130,"column":15}}]},"29":{"type":"branch","line":130,"loc":{"start":{"line":130,"column":4},"end":{"line":135,"column":58}},"locations":[{"start":{"line":130,"column":4},"end":{"line":135,"column":58}}]},"30":{"type":"branch","line":141,"loc":{"start":{"line":141,"column":2},"end":{"line":171,"column":3}},"locations":[{"start":{"line":141,"column":2},"end":{"line":171,"column":3}}]},"31":{"type":"branch","line":143,"loc":{"start":{"line":143,"column":20},"end":{"line":146,"column":5}},"locations":[{"start":{"line":143,"column":20},"end":{"line":146,"column":5}}]},"32":{"type":"branch","line":149,"loc":{"start":{"line":149,"column":26},"end":{"line":151,"column":5}},"locations":[{"start":{"line":149,"column":26},"end":{"line":151,"column":5}}]},"33":{"type":"branch","line":154,"loc":{"start":{"line":154,"column":20},"end":{"line":157,"column":5}},"locations":[{"start":{"line":154,"column":20},"end":{"line":157,"column":5}}]},"34":{"type":"branch","line":159,"loc":{"start":{"line":159,"column":26},"end":{"line":161,"column":5}},"locations":[{"start":{"line":159,"column":26},"end":{"line":161,"column":5}}]},"35":{"type":"branch","line":164,"loc":{"start":{"line":164,"column":17},"end":{"line":168,"column":5}},"locations":[{"start":{"line":164,"column":17},"end":{"line":168,"column":5}}]},"36":{"type":"branch","line":165,"loc":{"start":{"line":165,"column":38},"end":{"line":167,"column":7}},"locations":[{"start":{"line":165,"column":38},"end":{"line":167,"column":7}}]},"37":{"type":"branch","line":176,"loc":{"start":{"line":176,"column":2},"end":{"line":178,"column":3}},"locations":[{"start":{"line":176,"column":2},"end":{"line":178,"column":3}}]},"38":{"type":"branch","line":183,"loc":{"start":{"line":183,"column":2},"end":{"line":192,"column":3}},"locations":[{"start":{"line":183,"column":2},"end":{"line":192,"column":3}}]},"39":{"type":"branch","line":184,"loc":{"start":{"line":184,"column":13},"end":{"line":184,"column":45}},"locations":[{"start":{"line":184,"column":13},"end":{"line":184,"column":45}}]},"40":{"type":"branch","line":184,"loc":{"start":{"line":184,"column":45},"end":{"line":188,"column":5}},"locations":[{"start":{"line":184,"column":45},"end":{"line":188,"column":5}}]},"41":{"type":"branch","line":197,"loc":{"start":{"line":197,"column":2},"end":{"line":202,"column":3}},"locations":[{"start":{"line":197,"column":2},"end":{"line":202,"column":3}}]},"42":{"type":"branch","line":207,"loc":{"start":{"line":207,"column":2},"end":{"line":212,"column":3}},"locations":[{"start":{"line":207,"column":2},"end":{"line":212,"column":3}}]},"43":{"type":"branch","line":217,"loc":{"start":{"line":217,"column":2},"end":{"line":219,"column":3}},"locations":[{"start":{"line":217,"column":2},"end":{"line":219,"column":3}}]},"44":{"type":"branch","line":224,"loc":{"start":{"line":224,"column":2},"end":{"line":240,"column":3}},"locations":[{"start":{"line":224,"column":2},"end":{"line":240,"column":3}}]},"45":{"type":"branch","line":233,"loc":{"start":{"line":233,"column":27},"end":{"line":236,"column":7}},"locations":[{"start":{"line":233,"column":27},"end":{"line":236,"column":7}}]}},"b":{"0":[16],"1":[17],"2":[1],"3":[16],"4":[3],"5":[13],"6":[16],"7":[15],"8":[1],"9":[14],"10":[7],"11":[7],"12":[10],"13":[7],"14":[1],"15":[13],"16":[1],"17":[13],"18":[13],"19":[1],"20":[13],"21":[2],"22":[2],"23":[12],"24":[14],"25":[2],"26":[1],"27":[0],"28":[0],"29":[1],"30":[3],"31":[0],"32":[1],"33":[1],"34":[1],"35":[1],"36":[2],"37":[1],"38":[2],"39":[1],"40":[1],"41":[2],"42":[1],"43":[2],"44":[1],"45":[0]},"fnMap":{"0":{"name":"MapMarkersAdapter","decl":{"start":{"line":44,"column":2},"end":{"line":46,"column":3}},"loc":{"start":{"line":44,"column":2},"end":{"line":46,"column":3}},"line":44},"1":{"name":"initialize","decl":{"start":{"line":51,"column":2},"end":{"line":78,"column":3}},"loc":{"start":{"line":51,"column":2},"end":{"line":78,"column":3}},"line":51},"2":{"name":"addMarker","decl":{"start":{"line":83,"column":2},"end":{"line":116,"column":3}},"loc":{"start":{"line":83,"column":2},"end":{"line":116,"column":3}},"line":83},"3":{"name":"removeMarker","decl":{"start":{"line":121,"column":2},"end":{"line":136,"column":3}},"loc":{"start":{"line":121,"column":2},"end":{"line":136,"column":3}},"line":121},"4":{"name":"updateMarker","decl":{"start":{"line":141,"column":2},"end":{"line":171,"column":3}},"loc":{"start":{"line":141,"column":2},"end":{"line":171,"column":3}},"line":141},"5":{"name":"getMarker","decl":{"start":{"line":176,"column":2},"end":{"line":178,"column":3}},"loc":{"start":{"line":176,"column":2},"end":{"line":178,"column":3}},"line":176},"6":{"name":"clearMarkers","decl":{"start":{"line":183,"column":2},"end":{"line":192,"column":3}},"loc":{"start":{"line":183,"column":2},"end":{"line":192,"column":3}},"line":183},"7":{"name":"toggleMarker","decl":{"start":{"line":197,"column":2},"end":{"line":202,"column":3}},"loc":{"start":{"line":197,"column":2},"end":{"line":202,"column":3}},"line":197},"8":{"name":"setMarkerEventHandler","decl":{"start":{"line":207,"column":2},"end":{"line":212,"column":3}},"loc":{"start":{"line":207,"column":2},"end":{"line":212,"column":3}},"line":207},"9":{"name":"getAllMarkers","decl":{"start":{"line":217,"column":2},"end":{"line":219,"column":3}},"loc":{"start":{"line":217,"column":2},"end":{"line":219,"column":3}},"line":217},"10":{"name":"destroy","decl":{"start":{"line":224,"column":2},"end":{"line":240,"column":3}},"loc":{"start":{"line":224,"column":2},"end":{"line":240,"column":3}},"line":224}},"f":{"0":16,"1":17,"2":15,"3":2,"4":3,"5":1,"6":2,"7":2,"8":1,"9":2,"10":1}}
,"C:\\www.spa.com\\resources\\js\\src\\features\\map\\adapters\\YandexMapAdapter.ts": {"path":"C:\\www.spa.com\\resources\\js\\src\\features\\map\\adapters\\YandexMapAdapter.ts","all":false,"statementMap":{"0":{"start":{"line":1,"column":0},"end":{"line":1,"column":3}},"27":{"start":{"line":28,"column":0},"end":{"line":28,"column":53}},"28":{"start":{"line":29,"column":0},"end":{"line":29,"column":25}},"29":{"start":{"line":30,"column":0},"end":{"line":30,"column":32}},"30":{"start":{"line":31,"column":0},"end":{"line":31,"column":31}},"31":{"start":{"line":32,"column":0},"end":{"line":32,"column":58}},"36":{"start":{"line":37,"column":0},"end":{"line":37,"column":73}},"37":{"start":{"line":38,"column":0},"end":{"line":38,"column":9}},"39":{"start":{"line":40,"column":0},"end":{"line":40,"column":56}},"40":{"start":{"line":41,"column":0},"end":{"line":41,"column":21}},"41":{"start":{"line":42,"column":0},"end":{"line":42,"column":59}},"42":{"start":{"line":43,"column":0},"end":{"line":43,"column":7}},"44":{"start":{"line":45,"column":0},"end":{"line":45,"column":32}},"47":{"start":{"line":48,"column":0},"end":{"line":48,"column":50}},"48":{"start":{"line":49,"column":0},"end":{"line":49,"column":54}},"49":{"start":{"line":50,"column":0},"end":{"line":50,"column":32}},"50":{"start":{"line":51,"column":0},"end":{"line":51,"column":68}},"51":{"start":{"line":52,"column":0},"end":{"line":52,"column":8}},"54":{"start":{"line":55,"column":0},"end":{"line":55,"column":41}},"55":{"start":{"line":56,"column":0},"end":{"line":56,"column":41}},"57":{"start":{"line":58,"column":0},"end":{"line":58,"column":31}},"58":{"start":{"line":59,"column":0},"end":{"line":59,"column":62}},"59":{"start":{"line":60,"column":0},"end":{"line":60,"column":21}},"60":{"start":{"line":61,"column":0},"end":{"line":61,"column":69}},"61":{"start":{"line":62,"column":0},"end":{"line":62,"column":17}},"62":{"start":{"line":63,"column":0},"end":{"line":63,"column":5}},"63":{"start":{"line":64,"column":0},"end":{"line":64,"column":3}},"68":{"start":{"line":69,"column":0},"end":{"line":69,"column":19}},"69":{"start":{"line":70,"column":0},"end":{"line":70,"column":19}},"70":{"start":{"line":71,"column":0},"end":{"line":71,"column":24}},"71":{"start":{"line":72,"column":0},"end":{"line":72,"column":21}},"72":{"start":{"line":73,"column":0},"end":{"line":73,"column":5}},"73":{"start":{"line":74,"column":0},"end":{"line":74,"column":30}},"74":{"start":{"line":75,"column":0},"end":{"line":75,"column":30}},"75":{"start":{"line":76,"column":0},"end":{"line":76,"column":54}},"76":{"start":{"line":77,"column":0},"end":{"line":77,"column":3}},"78":{"start":{"line":79,"column":0},"end":{"line":79,"column":55}},"79":{"start":{"line":80,"column":0},"end":{"line":80,"column":25}},"80":{"start":{"line":81,"column":0},"end":{"line":81,"column":76}},"81":{"start":{"line":82,"column":0},"end":{"line":82,"column":3}},"83":{"start":{"line":84,"column":0},"end":{"line":84,"column":35}},"84":{"start":{"line":85,"column":0},"end":{"line":85,"column":30}},"85":{"start":{"line":86,"column":0},"end":{"line":86,"column":39}},"86":{"start":{"line":87,"column":0},"end":{"line":87,"column":61}},"87":{"start":{"line":88,"column":0},"end":{"line":88,"column":3}},"89":{"start":{"line":90,"column":0},"end":{"line":90,"column":31}},"90":{"start":{"line":91,"column":0},"end":{"line":91,"column":25}},"91":{"start":{"line":92,"column":0},"end":{"line":92,"column":26}},"92":{"start":{"line":93,"column":0},"end":{"line":93,"column":3}},"94":{"start":{"line":95,"column":0},"end":{"line":95,"column":21}},"95":{"start":{"line":96,"column":0},"end":{"line":96,"column":45}},"96":{"start":{"line":97,"column":0},"end":{"line":97,"column":3}},"98":{"start":{"line":99,"column":0},"end":{"line":99,"column":39}},"99":{"start":{"line":100,"column":0},"end":{"line":100,"column":25}},"100":{"start":{"line":101,"column":0},"end":{"line":101,"column":30}},"101":{"start":{"line":102,"column":0},"end":{"line":102,"column":3}},"103":{"start":{"line":104,"column":0},"end":{"line":104,"column":34}},"104":{"start":{"line":105,"column":0},"end":{"line":105,"column":49}},"105":{"start":{"line":106,"column":0},"end":{"line":106,"column":3}},"107":{"start":{"line":108,"column":0},"end":{"line":108,"column":34}},"108":{"start":{"line":109,"column":0},"end":{"line":109,"column":25}},"109":{"start":{"line":110,"column":0},"end":{"line":110,"column":34}},"110":{"start":{"line":111,"column":0},"end":{"line":111,"column":3}},"112":{"start":{"line":113,"column":0},"end":{"line":113,"column":37}},"113":{"start":{"line":114,"column":0},"end":{"line":114,"column":25}},"114":{"start":{"line":115,"column":0},"end":{"line":115,"column":37}},"115":{"start":{"line":116,"column":0},"end":{"line":116,"column":3}},"117":{"start":{"line":118,"column":0},"end":{"line":118,"column":46}},"118":{"start":{"line":119,"column":0},"end":{"line":119,"column":25}},"121":{"start":{"line":122,"column":0},"end":{"line":122,"column":41}},"122":{"start":{"line":123,"column":0},"end":{"line":123,"column":46}},"123":{"start":{"line":124,"column":0},"end":{"line":124,"column":5}},"124":{"start":{"line":125,"column":0},"end":{"line":125,"column":47}},"126":{"start":{"line":127,"column":0},"end":{"line":127,"column":39}},"127":{"start":{"line":128,"column":0},"end":{"line":128,"column":3}},"129":{"start":{"line":130,"column":0},"end":{"line":130,"column":47}},"130":{"start":{"line":131,"column":0},"end":{"line":131,"column":25}},"132":{"start":{"line":133,"column":0},"end":{"line":133,"column":42}},"133":{"start":{"line":134,"column":0},"end":{"line":134,"column":50}},"134":{"start":{"line":135,"column":0},"end":{"line":135,"column":3}},"136":{"start":{"line":137,"column":0},"end":{"line":137,"column":22}},"137":{"start":{"line":138,"column":0},"end":{"line":138,"column":19}},"138":{"start":{"line":139,"column":0},"end":{"line":139,"column":3}},"140":{"start":{"line":141,"column":0},"end":{"line":141,"column":22}},"141":{"start":{"line":142,"column":0},"end":{"line":142,"column":29}},"142":{"start":{"line":143,"column":0},"end":{"line":143,"column":3}},"143":{"start":{"line":144,"column":0},"end":{"line":144,"column":1}}},"s":{"0":1,"27":1,"28":16,"29":16,"30":16,"31":16,"36":1,"37":15,"39":15,"40":15,"41":1,"42":1,"44":14,"47":14,"48":15,"49":15,"50":15,"51":15,"54":15,"55":15,"57":15,"58":15,"59":15,"60":1,"61":1,"62":1,"63":15,"68":1,"69":1,"70":1,"71":1,"72":1,"73":1,"74":1,"75":1,"76":1,"78":1,"79":3,"80":3,"81":3,"83":1,"84":2,"85":1,"86":2,"87":2,"89":1,"90":2,"91":1,"92":2,"94":1,"95":2,"96":2,"98":1,"99":1,"100":1,"101":1,"103":1,"104":1,"105":1,"107":1,"108":1,"109":1,"110":1,"112":1,"113":1,"114":1,"115":1,"117":1,"118":2,"121":2,"122":2,"123":2,"124":2,"126":2,"127":2,"129":1,"130":1,"132":1,"133":1,"134":1,"136":1,"137":1,"138":1,"140":1,"141":2,"142":2,"143":1},"branchMap":{"0":{"type":"branch","line":28,"loc":{"start":{"line":28,"column":7},"end":{"line":32,"column":58}},"locations":[{"start":{"line":28,"column":7},"end":{"line":32,"column":58}}]},"1":{"type":"branch","line":37,"loc":{"start":{"line":37,"column":2},"end":{"line":64,"column":3}},"locations":[{"start":{"line":37,"column":2},"end":{"line":64,"column":3}}]},"2":{"type":"branch","line":41,"loc":{"start":{"line":41,"column":20},"end":{"line":43,"column":7}},"locations":[{"start":{"line":41,"column":20},"end":{"line":43,"column":7}}]},"3":{"type":"branch","line":43,"loc":{"start":{"line":43,"column":6},"end":{"line":49,"column":33}},"locations":[{"start":{"line":43,"column":6},"end":{"line":49,"column":33}}]},"4":{"type":"branch","line":49,"loc":{"start":{"line":49,"column":23},"end":{"line":49,"column":54}},"locations":[{"start":{"line":49,"column":23},"end":{"line":49,"column":54}}]},"5":{"type":"branch","line":50,"loc":{"start":{"line":50,"column":21},"end":{"line":50,"column":32}},"locations":[{"start":{"line":50,"column":21},"end":{"line":50,"column":32}}]},"6":{"type":"branch","line":51,"loc":{"start":{"line":51,"column":25},"end":{"line":51,"column":68}},"locations":[{"start":{"line":51,"column":25},"end":{"line":51,"column":68}}]},"7":{"type":"branch","line":60,"loc":{"start":{"line":60,"column":4},"end":{"line":63,"column":5}},"locations":[{"start":{"line":60,"column":4},"end":{"line":63,"column":5}}]},"8":{"type":"branch","line":69,"loc":{"start":{"line":69,"column":2},"end":{"line":77,"column":3}},"locations":[{"start":{"line":69,"column":2},"end":{"line":77,"column":3}}]},"9":{"type":"branch","line":79,"loc":{"start":{"line":79,"column":2},"end":{"line":82,"column":3}},"locations":[{"start":{"line":79,"column":2},"end":{"line":82,"column":3}}]},"10":{"type":"branch","line":80,"loc":{"start":{"line":80,"column":19},"end":{"line":80,"column":25}},"locations":[{"start":{"line":80,"column":19},"end":{"line":80,"column":25}}]},"11":{"type":"branch","line":80,"loc":{"start":{"line":80,"column":19},"end":{"line":81,"column":57}},"locations":[{"start":{"line":80,"column":19},"end":{"line":81,"column":57}}]},"12":{"type":"branch","line":81,"loc":{"start":{"line":81,"column":49},"end":{"line":81,"column":75}},"locations":[{"start":{"line":81,"column":49},"end":{"line":81,"column":75}}]},"13":{"type":"branch","line":84,"loc":{"start":{"line":84,"column":2},"end":{"line":88,"column":3}},"locations":[{"start":{"line":84,"column":2},"end":{"line":88,"column":3}}]},"14":{"type":"branch","line":85,"loc":{"start":{"line":85,"column":19},"end":{"line":87,"column":57}},"locations":[{"start":{"line":85,"column":19},"end":{"line":87,"column":57}}]},"15":{"type":"branch","line":87,"loc":{"start":{"line":87,"column":53},"end":{"line":87,"column":61}},"locations":[{"start":{"line":87,"column":53},"end":{"line":87,"column":61}}]},"16":{"type":"branch","line":90,"loc":{"start":{"line":90,"column":2},"end":{"line":93,"column":3}},"locations":[{"start":{"line":90,"column":2},"end":{"line":93,"column":3}}]},"17":{"type":"branch","line":91,"loc":{"start":{"line":91,"column":19},"end":{"line":92,"column":26}},"locations":[{"start":{"line":91,"column":19},"end":{"line":92,"column":26}}]},"18":{"type":"branch","line":95,"loc":{"start":{"line":95,"column":2},"end":{"line":97,"column":3}},"locations":[{"start":{"line":95,"column":2},"end":{"line":97,"column":3}}]},"19":{"type":"branch","line":96,"loc":{"start":{"line":96,"column":16},"end":{"line":96,"column":43}},"locations":[{"start":{"line":96,"column":16},"end":{"line":96,"column":43}}]},"20":{"type":"branch","line":96,"loc":{"start":{"line":96,"column":39},"end":{"line":96,"column":45}},"locations":[{"start":{"line":96,"column":39},"end":{"line":96,"column":45}}]},"21":{"type":"branch","line":99,"loc":{"start":{"line":99,"column":2},"end":{"line":102,"column":3}},"locations":[{"start":{"line":99,"column":2},"end":{"line":102,"column":3}}]},"22":{"type":"branch","line":100,"loc":{"start":{"line":100,"column":19},"end":{"line":100,"column":25}},"locations":[{"start":{"line":100,"column":19},"end":{"line":100,"column":25}}]},"23":{"type":"branch","line":104,"loc":{"start":{"line":104,"column":2},"end":{"line":106,"column":3}},"locations":[{"start":{"line":104,"column":2},"end":{"line":106,"column":3}}]},"24":{"type":"branch","line":105,"loc":{"start":{"line":105,"column":41},"end":{"line":105,"column":49}},"locations":[{"start":{"line":105,"column":41},"end":{"line":105,"column":49}}]},"25":{"type":"branch","line":108,"loc":{"start":{"line":108,"column":2},"end":{"line":111,"column":3}},"locations":[{"start":{"line":108,"column":2},"end":{"line":111,"column":3}}]},"26":{"type":"branch","line":109,"loc":{"start":{"line":109,"column":19},"end":{"line":109,"column":25}},"locations":[{"start":{"line":109,"column":19},"end":{"line":109,"column":25}}]},"27":{"type":"branch","line":113,"loc":{"start":{"line":113,"column":2},"end":{"line":116,"column":3}},"locations":[{"start":{"line":113,"column":2},"end":{"line":116,"column":3}}]},"28":{"type":"branch","line":114,"loc":{"start":{"line":114,"column":19},"end":{"line":114,"column":25}},"locations":[{"start":{"line":114,"column":19},"end":{"line":114,"column":25}}]},"29":{"type":"branch","line":118,"loc":{"start":{"line":118,"column":2},"end":{"line":128,"column":3}},"locations":[{"start":{"line":118,"column":2},"end":{"line":128,"column":3}}]},"30":{"type":"branch","line":119,"loc":{"start":{"line":119,"column":19},"end":{"line":119,"column":25}},"locations":[{"start":{"line":119,"column":19},"end":{"line":119,"column":25}}]},"31":{"type":"branch","line":130,"loc":{"start":{"line":130,"column":2},"end":{"line":135,"column":3}},"locations":[{"start":{"line":130,"column":2},"end":{"line":135,"column":3}}]},"32":{"type":"branch","line":131,"loc":{"start":{"line":131,"column":19},"end":{"line":131,"column":25}},"locations":[{"start":{"line":131,"column":19},"end":{"line":131,"column":25}}]},"33":{"type":"branch","line":137,"loc":{"start":{"line":137,"column":2},"end":{"line":139,"column":3}},"locations":[{"start":{"line":137,"column":2},"end":{"line":139,"column":3}}]},"34":{"type":"branch","line":141,"loc":{"start":{"line":141,"column":2},"end":{"line":143,"column":3}},"locations":[{"start":{"line":141,"column":2},"end":{"line":143,"column":3}}]}},"b":{"0":[16],"1":[15],"2":[1],"3":[14],"4":[13],"5":[13],"6":[14],"7":[1],"8":[1],"9":[3],"10":[1],"11":[2],"12":[1],"13":[2],"14":[1],"15":[0],"16":[2],"17":[1],"18":[2],"19":[1],"20":[1],"21":[1],"22":[0],"23":[1],"24":[0],"25":[1],"26":[0],"27":[1],"28":[0],"29":[2],"30":[0],"31":[1],"32":[0],"33":[1],"34":[2]},"fnMap":{"0":{"name":"YandexMapAdapter","decl":{"start":{"line":28,"column":7},"end":{"line":32,"column":58}},"loc":{"start":{"line":28,"column":7},"end":{"line":32,"column":58}},"line":28},"1":{"name":"initialize","decl":{"start":{"line":37,"column":2},"end":{"line":64,"column":3}},"loc":{"start":{"line":37,"column":2},"end":{"line":64,"column":3}},"line":37},"2":{"name":"destroy","decl":{"start":{"line":69,"column":2},"end":{"line":77,"column":3}},"loc":{"start":{"line":69,"column":2},"end":{"line":77,"column":3}},"line":69},"3":{"name":"setCenter","decl":{"start":{"line":79,"column":2},"end":{"line":82,"column":3}},"loc":{"start":{"line":79,"column":2},"end":{"line":82,"column":3}},"line":79},"4":{"name":"getCenter","decl":{"start":{"line":84,"column":2},"end":{"line":88,"column":3}},"loc":{"start":{"line":84,"column":2},"end":{"line":88,"column":3}},"line":84},"5":{"name":"setZoom","decl":{"start":{"line":90,"column":2},"end":{"line":93,"column":3}},"loc":{"start":{"line":90,"column":2},"end":{"line":93,"column":3}},"line":90},"6":{"name":"getZoom","decl":{"start":{"line":95,"column":2},"end":{"line":97,"column":3}},"loc":{"start":{"line":95,"column":2},"end":{"line":97,"column":3}},"line":95},"7":{"name":"setBounds","decl":{"start":{"line":99,"column":2},"end":{"line":102,"column":3}},"loc":{"start":{"line":99,"column":2},"end":{"line":102,"column":3}},"line":99},"8":{"name":"getBounds","decl":{"start":{"line":104,"column":2},"end":{"line":106,"column":3}},"loc":{"start":{"line":104,"column":2},"end":{"line":106,"column":3}},"line":104},"9":{"name":"addControl","decl":{"start":{"line":108,"column":2},"end":{"line":111,"column":3}},"loc":{"start":{"line":108,"column":2},"end":{"line":111,"column":3}},"line":108},"10":{"name":"removeControl","decl":{"start":{"line":113,"column":2},"end":{"line":116,"column":3}},"loc":{"start":{"line":113,"column":2},"end":{"line":116,"column":3}},"line":113},"11":{"name":"on","decl":{"start":{"line":118,"column":2},"end":{"line":128,"column":3}},"loc":{"start":{"line":118,"column":2},"end":{"line":128,"column":3}},"line":118},"12":{"name":"off","decl":{"start":{"line":130,"column":2},"end":{"line":135,"column":3}},"loc":{"start":{"line":130,"column":2},"end":{"line":135,"column":3}},"line":130},"13":{"name":"getInstance","decl":{"start":{"line":137,"column":2},"end":{"line":139,"column":3}},"loc":{"start":{"line":137,"column":2},"end":{"line":139,"column":3}},"line":137},"14":{"name":"isReady","decl":{"start":{"line":141,"column":2},"end":{"line":143,"column":3}},"loc":{"start":{"line":141,"column":2},"end":{"line":143,"column":3}},"line":141}},"f":{"0":16,"1":15,"2":1,"3":3,"4":2,"5":2,"6":2,"7":1,"8":1,"9":1,"10":1,"11":2,"12":1,"13":1,"14":2}}
,"C:\\www.spa.com\\resources\\js\\src\\features\\map\\adapters\\index.ts": {"path":"C:\\www.spa.com\\resources\\js\\src\\features\\map\\adapters\\index.ts","all":true,"statementMap":{"0":{"start":{"line":1,"column":0},"end":{"line":1,"column":3}},"17":{"start":{"line":18,"column":0},"end":{"line":18,"column":33}},"18":{"start":{"line":19,"column":0},"end":{"line":19,"column":29}},"19":{"start":{"line":20,"column":0},"end":{"line":20,"column":65}},"20":{"start":{"line":21,"column":0},"end":{"line":21,"column":3}},"22":{"start":{"line":23,"column":0},"end":{"line":23,"column":49}},"23":{"start":{"line":24,"column":0},"end":{"line":24,"column":79}},"24":{"start":{"line":25,"column":0},"end":{"line":25,"column":3}},"26":{"start":{"line":27,"column":0},"end":{"line":27,"column":48}},"27":{"start":{"line":28,"column":0},"end":{"line":28,"column":77}},"28":{"start":{"line":29,"column":0},"end":{"line":29,"column":3}},"29":{"start":{"line":30,"column":0},"end":{"line":30,"column":1}}},"s":{"0":0,"17":0,"18":0,"19":0,"20":0,"22":0,"23":0,"24":0,"26":0,"27":0,"28":0,"29":0},"branchMap":{"0":{"type":"branch","line":1,"loc":{"start":{"line":1,"column":975},"end":{"line":30,"column":1}},"locations":[{"start":{"line":1,"column":975},"end":{"line":30,"column":1}}]}},"b":{"0":[0]},"fnMap":{"0":{"name":"(empty-report)","decl":{"start":{"line":1,"column":975},"end":{"line":30,"column":1}},"loc":{"start":{"line":1,"column":975},"end":{"line":30,"column":1}},"line":1}},"f":{"0":0}}
}
